SF:lib/src/api/api_repository.dart
DA:11,5
DA:15,3
DA:19,6
DA:20,2
DA:21,2
DA:25,1
DA:29,1
DA:30,2
DA:31,2
DA:35,1
DA:36,1
DA:40,2
DA:42,1
DA:43,3
DA:46,1
DA:49,2
DA:52,3
DA:55,1
DA:58,0
DA:62,3
DA:65,1
DA:66,2
DA:71,1
DA:72,2
DA:73,0
LF:25
LH:23
end_of_record
SF:lib/src/api/cache_manager.dart
DA:13,6
DA:15,3
DA:18,3
DA:19,6
DA:20,9
DA:24,6
DA:25,6
DA:27,9
DA:28,6
DA:29,1
DA:30,1
DA:35,6
DA:39,2
DA:44,4
DA:45,4
DA:46,8
DA:47,6
DA:48,2
DA:52,3
DA:53,6
DA:54,6
DA:55,9
DA:56,9
DA:57,3
DA:61,3
DA:62,9
DA:63,6
DA:64,6
DA:65,3
DA:67,3
DA:71,3
DA:73,3
DA:74,6
DA:75,3
DA:76,0
DA:81,3
DA:82,6
DA:86,3
LF:38
LH:37
end_of_record
SF:lib/src/api/extensions.dart
DA:8,2
DA:9,2
DA:10,2
DA:12,2
DA:13,2
DA:19,1
DA:20,2
LF:7
LH:7
end_of_record
SF:lib/src/api/translator.dart
DA:17,3
DA:28,2
DA:33,4
DA:35,6
DA:39,1
DA:47,2
DA:54,1
DA:60,2
DA:64,4
DA:67,3
DA:70,2
DA:73,1
DA:75,1
DA:76,2
DA:81,2
DA:82,1
DA:83,2
DA:85,1
DA:90,1
DA:95,2
DA:96,3
DA:101,1
DA:102,2
DA:103,2
DA:107,1
DA:108,2
DA:111,3
LF:27
LH:27
end_of_record
SF:lib/src/config.dart
DA:24,2
DA:34,2
DA:38,2
DA:45,1
DA:56,1
LF:5
LH:5
end_of_record
SF:lib/src/provider.dart
DA:22,2
DA:29,2
DA:31,2
DA:32,2
DA:40,2
DA:41,2
DA:44,1
DA:47,3
DA:48,3
LF:9
LH:9
end_of_record
SF:lib/src/service.dart
DA:21,4
DA:27,3
DA:30,4
DA:32,2
DA:36,2
DA:37,2
DA:38,2
DA:40,4
DA:41,6
DA:43,10
DA:44,2
DA:45,10
DA:48,2
DA:50,2
DA:53,2
DA:58,2
DA:59,4
DA:60,2
DA:67,4
DA:68,4
DA:70,2
DA:71,2
DA:72,6
DA:76,6
DA:77,4
DA:79,6
DA:80,2
DA:83,4
DA:84,6
DA:85,2
DA:87,2
DA:89,2
DA:90,4
DA:97,2
DA:98,4
DA:99,2
DA:102,4
DA:104,1
DA:105,4
DA:107,2
DA:108,8
DA:110,2
DA:111,8
DA:113,4
DA:114,6
DA:115,2
DA:116,4
DA:121,1
DA:122,1
DA:123,2
DA:124,1
DA:127,1
DA:128,1
DA:129,1
DA:132,1
DA:135,2
DA:136,5
DA:137,2
DA:141,2
DA:142,2
DA:143,0
DA:149,4
DA:150,2
DA:153,4
DA:154,4
DA:157,4
DA:159,2
DA:160,2
DA:164,1
DA:166,1
DA:168,1
DA:169,0
DA:174,2
DA:175,1
DA:177,1
DA:179,2
DA:180,4
DA:181,3
DA:184,1
DA:185,2
DA:186,2
DA:187,1
DA:188,2
DA:193,1
DA:194,1
DA:195,1
DA:198,1
DA:199,0
DA:201,2
DA:205,2
DA:206,4
DA:207,6
DA:211,2
DA:212,2
DA:213,8
DA:217,0
DA:220,4
LF:97
LH:93
end_of_record
SF:lib/src/icu_message_processor.dart
DA:23,2
DA:28,6
DA:31,0
DA:32,0
DA:37,2
DA:39,2
DA:40,2
DA:44,2
DA:45,2
DA:47,2
DA:48,2
DA:52,2
DA:54,2
DA:55,2
DA:56,6
DA:61,4
DA:65,1
DA:74,2
DA:79,3
DA:80,1
DA:83,1
DA:84,4
DA:85,1
DA:89,2
DA:90,2
DA:93,1
DA:94,2
DA:95,1
DA:96,1
DA:101,4
DA:102,2
DA:103,1
DA:104,1
DA:112,2
DA:114,4
DA:115,2
DA:118,2
DA:123,2
DA:125,4
DA:129,4
DA:130,2
DA:131,6
DA:134,2
DA:135,2
DA:137,2
DA:138,4
DA:140,2
DA:141,4
DA:143,2
DA:144,2
DA:145,2
DA:147,2
DA:149,2
DA:151,4
DA:152,4
DA:153,4
DA:154,4
DA:155,4
DA:156,2
DA:158,4
DA:162,2
DA:163,2
DA:164,0
DA:167,2
DA:170,2
DA:176,4
DA:180,2
DA:181,2
DA:183,4
DA:184,2
DA:185,2
DA:187,2
DA:188,2
DA:191,2
DA:196,1
DA:197,1
DA:198,1
DA:201,1
DA:202,1
DA:204,1
DA:206,2
DA:207,1
DA:208,0
DA:215,1
DA:216,1
DA:217,0
DA:218,1
DA:220,1
DA:221,1
DA:222,2
DA:224,1
DA:225,1
DA:226,1
DA:227,1
DA:228,2
DA:229,1
DA:230,1
DA:231,1
DA:233,2
DA:234,1
DA:236,1
DA:238,0
DA:247,0
DA:251,2
DA:253,2
DA:255,1
DA:257,1
DA:264,2
DA:268,2
DA:269,4
DA:271,2
DA:272,2
DA:275,2
DA:280,2
DA:282,4
DA:284,2
DA:287,2
DA:290,2
DA:292,2
DA:294,2
DA:297,4
DA:298,2
DA:299,2
DA:300,2
DA:301,2
DA:305,2
DA:306,4
DA:307,0
DA:310,2
DA:313,2
DA:314,4
DA:317,2
DA:325,2
DA:327,1
DA:330,1
DA:331,2
DA:337,1
DA:342,2
DA:349,1
DA:354,1
LF:140
LH:132
end_of_record
