SF:lib/src/api/api_repository.dart
DA:11,4
DA:15,3
DA:19,6
DA:20,2
DA:21,2
DA:25,1
DA:29,1
DA:30,2
DA:31,2
DA:35,1
DA:36,1
DA:40,2
DA:42,1
DA:43,3
DA:46,1
DA:49,2
DA:52,3
DA:55,1
DA:58,0
DA:62,3
DA:65,1
DA:66,2
DA:71,1
DA:72,2
DA:73,0
LF:25
LH:23
end_of_record
SF:lib/src/api/cache_manager.dart
DA:13,6
DA:15,3
DA:18,3
DA:19,6
DA:20,9
DA:24,6
DA:25,6
DA:27,9
DA:28,6
DA:29,1
DA:30,1
DA:35,6
DA:39,2
DA:44,4
DA:45,4
DA:46,8
DA:47,6
DA:48,2
DA:52,3
DA:53,6
DA:54,6
DA:55,9
DA:56,9
DA:57,3
DA:61,3
DA:62,9
DA:63,6
DA:64,6
DA:65,3
DA:67,3
DA:71,3
DA:73,3
DA:74,6
DA:75,3
DA:76,0
DA:81,3
DA:82,6
DA:86,3
LF:38
LH:37
end_of_record
SF:lib/src/api/extensions.dart
DA:8,1
DA:9,1
DA:10,1
DA:12,1
DA:13,1
DA:19,0
DA:20,0
LF:7
LH:5
end_of_record
SF:lib/src/api/translator.dart
DA:17,1
DA:28,1
DA:33,2
DA:35,3
DA:39,0
DA:47,1
DA:54,0
DA:60,0
DA:64,0
DA:67,0
DA:70,0
DA:73,0
DA:75,0
DA:76,0
DA:81,0
DA:82,0
DA:83,0
DA:85,0
DA:90,0
DA:95,0
DA:96,0
DA:101,0
DA:102,0
DA:103,0
DA:107,0
DA:108,0
DA:111,0
LF:27
LH:5
end_of_record
SF:lib/src/config.dart
DA:21,1
DA:31,1
DA:35,1
DA:42,0
DA:53,0
LF:5
LH:3
end_of_record
SF:lib/src/provider.dart
DA:9,1
DA:16,1
DA:18,1
DA:19,1
DA:23,0
DA:24,0
DA:27,0
DA:30,0
DA:31,0
LF:9
LH:4
end_of_record
SF:lib/src/service.dart
DA:21,3
DA:27,2
DA:30,3
DA:32,1
DA:36,2
DA:37,2
DA:38,2
DA:40,4
DA:41,6
DA:43,10
DA:44,2
DA:45,10
DA:48,2
DA:50,2
DA:53,2
DA:58,2
DA:59,4
DA:60,2
DA:67,4
DA:68,4
DA:70,2
DA:71,2
DA:72,6
DA:76,6
DA:77,4
DA:79,6
DA:80,2
DA:83,4
DA:84,6
DA:85,2
DA:87,2
DA:89,2
DA:90,4
DA:97,2
DA:98,4
DA:99,2
DA:102,4
DA:104,1
DA:105,4
DA:107,2
DA:108,8
DA:110,2
DA:111,8
DA:113,4
DA:114,6
DA:115,2
DA:116,4
DA:121,1
DA:122,1
DA:123,2
DA:124,1
DA:127,1
DA:128,1
DA:129,1
DA:132,1
DA:135,2
DA:136,5
DA:137,2
DA:141,2
DA:142,2
DA:143,0
DA:149,4
DA:150,2
DA:153,4
DA:154,4
DA:157,4
DA:159,2
DA:160,2
DA:164,1
DA:166,1
DA:168,1
DA:169,0
DA:174,2
DA:175,1
DA:177,1
DA:179,2
DA:180,4
DA:181,3
DA:184,1
DA:185,2
DA:186,2
DA:187,1
DA:188,2
DA:193,1
DA:194,1
DA:195,1
DA:198,1
DA:199,0
DA:201,2
DA:205,2
DA:206,4
DA:207,6
DA:211,2
DA:212,2
DA:213,8
DA:217,0
DA:220,4
LF:97
LH:93
end_of_record
SF:lib/src/icu_message_processor.dart
DA:23,0
DA:28,0
DA:31,0
DA:32,0
DA:37,0
DA:39,0
DA:40,0
DA:44,0
DA:45,0
DA:47,0
DA:48,0
DA:52,0
DA:54,0
DA:55,0
DA:56,0
DA:61,0
DA:65,0
DA:74,0
DA:79,0
DA:80,0
DA:83,0
DA:84,0
DA:85,0
DA:89,0
DA:90,0
DA:93,0
DA:94,0
DA:95,0
DA:96,0
DA:101,0
DA:102,0
DA:103,0
DA:104,0
DA:112,0
DA:114,0
DA:115,0
DA:118,0
DA:123,0
DA:125,0
DA:129,0
DA:130,0
DA:131,0
DA:134,0
DA:135,0
DA:137,0
DA:138,0
DA:140,0
DA:141,0
DA:143,0
DA:144,0
DA:145,0
DA:147,0
DA:149,0
DA:151,0
DA:152,0
DA:153,0
DA:154,0
DA:155,0
DA:156,0
DA:158,0
DA:162,0
DA:163,0
DA:164,0
DA:167,0
DA:170,0
DA:176,0
DA:180,0
DA:181,0
DA:183,0
DA:184,0
DA:185,0
DA:187,0
DA:188,0
DA:191,0
DA:196,0
DA:197,0
DA:198,0
DA:201,0
DA:202,0
DA:204,0
DA:206,0
DA:207,0
DA:208,0
DA:215,0
DA:216,0
DA:217,0
DA:218,0
DA:220,0
DA:221,0
DA:222,0
DA:224,0
DA:225,0
DA:226,0
DA:227,0
DA:228,0
DA:229,0
DA:230,0
DA:231,0
DA:233,0
DA:234,0
DA:236,0
DA:238,0
DA:247,0
DA:251,0
DA:253,0
DA:255,0
DA:257,0
DA:264,0
DA:268,0
DA:269,0
DA:271,0
DA:272,0
DA:275,0
DA:280,0
DA:282,0
DA:284,0
DA:287,0
DA:290,0
DA:292,0
DA:294,0
DA:297,0
DA:298,0
DA:299,0
DA:300,0
DA:301,0
DA:305,0
DA:306,0
DA:307,0
DA:310,0
DA:313,0
DA:314,0
DA:317,0
DA:325,0
DA:327,0
DA:330,0
DA:331,0
DA:337,0
DA:342,0
DA:349,0
DA:354,0
LF:140
LH:0
end_of_record
